<?xml version="1.0" encoding="UTF-8"?>
<!-- Generated by org.testng.reporters.JUnitXMLReporter -->
<testsuite ignored="2" hostname="DESKTOP-DLQ2FML" failures="0" tests="2" name="Test1" time="41.696" errors="0" timestamp="2026-04-08T23:32:46 IST">
  <testcase classname="TestCaseRepo.TC_08" name="Org__002" time="24.894"/>
  <testcase classname="TestCaseRepo.TC_05" name="CON_002" time="22.584"/>
  <testcase classname="GenericUtility.BaseClass" name="@AfterSuite asConfig" time="0.0">
    <ignored/>
  </testcase> <!-- @AfterSuite asConfig -->
  <testcase classname="GenericUtility.BaseClass" name="@BeforeSuite bsConfig" time="0.0">
    <ignored/>
  </testcase> <!-- @BeforeSuite bsConfig -->
</testsuite> <!-- Test1 -->
