<?xml version="1.0" encoding="UTF-8"?>
<!-- Generated by org.testng.reporters.JUnitXMLReporter -->
<testsuite ignored="2" hostname="DESKTOP-DLQ2FML" failures="0" tests="2" name="Test" time="42.667" errors="0" timestamp="2026-04-08T23:32:03 IST">
  <testcase classname="TestCaseRepo.TC_03" name="LE_003" time="18.811"/>
  <testcase classname="TestCaseRepo.TC_04" name="CON_01" time="24.595"/>
  <testcase classname="GenericUtility.BaseClass" name="@AfterSuite asConfig" time="0.0">
    <ignored/>
  </testcase> <!-- @AfterSuite asConfig -->
  <testcase classname="GenericUtility.BaseClass" name="@BeforeSuite bsConfig" time="0.0">
    <ignored/>
  </testcase> <!-- @BeforeSuite bsConfig -->
</testsuite> <!-- Test -->
