<?xml version="1.0" encoding="UTF-8"?>
<!-- Generated by org.testng.reporters.JUnitXMLReporter -->
<testsuite ignored="4" hostname="DESKTOP-DLQ2FML" failures="0" tests="3" name="Test" time="97.185" errors="0" timestamp="2026-04-10T12:36:35 IST">
  <testcase classname="TestCaseRepo.TC_03" name="LE_003" time="19.043"/>
  <testcase classname="TestCaseRepo.TC_05" name="CON_002" time="17.54"/>
  <testcase classname="TestCaseRepo.TC_06" name="CON__003" time="17.631"/>
  <testcase classname="GenericUtility.BaseClass" name="@BeforeSuite bsConfig" time="0.0">
    <ignored/>
  </testcase> <!-- @BeforeSuite bsConfig -->
  <testcase classname="GenericUtility.BaseClass" name="@AfterSuite asConfig" time="0.0">
    <ignored/>
  </testcase> <!-- @AfterSuite asConfig -->
  <testcase classname="GenericUtility.BaseClass" name="@BeforeSuite bsConfig" time="0.0">
    <ignored/>
  </testcase> <!-- @BeforeSuite bsConfig -->
  <testcase classname="GenericUtility.BaseClass" name="@AfterSuite asConfig" time="0.0">
    <ignored/>
  </testcase> <!-- @AfterSuite asConfig -->
</testsuite> <!-- Test -->
