<?xml version="1.0" encoding="UTF-8"?>
<testng-results ignored="0" total="6" passed="6" failed="0" skipped="0">
  <reporter-output>
  </reporter-output>
  <suite started-at="2026-04-10T12:34:58 IST" name="Suite" finished-at="2026-04-10T12:37:54 IST" duration-ms="175910">
    <groups>
      <group name="Sanity">
        <method signature="TC_05.CON_002()[pri:0, instance:TestCaseRepo.TC_05@6ef888f6]" name="CON_002" class="TestCaseRepo.TC_05"/>
        <method signature="TC_06.CON__003()[pri:0, instance:TestCaseRepo.TC_06@10e92f8f]" name="CON__003" class="TestCaseRepo.TC_06"/>
        <method signature="TC_08.Org__002()[pri:0, instance:TestCaseRepo.TC_08@3daa422a]" name="Org__002" class="TestCaseRepo.TC_08"/>
      </group> <!-- Sanity -->
      <group name="Regression">
        <method signature="TC_07.Org_001()[pri:0, instance:TestCaseRepo.TC_07@72f926e6]" name="Org_001" class="TestCaseRepo.TC_07"/>
        <method signature="TC_09.Org_003()[pri:0, instance:TestCaseRepo.TC_09@31c88ec8]" name="Org_003" class="TestCaseRepo.TC_09"/>
      </group> <!-- Regression -->
      <group name="Smoke">
        <method signature="TC_03.LE_003()[pri:0, instance:TestCaseRepo.TC_03@ef9296d]" name="LE_003" class="TestCaseRepo.TC_03"/>
        <method signature="TC_06.CON__003()[pri:0, instance:TestCaseRepo.TC_06@10e92f8f]" name="CON__003" class="TestCaseRepo.TC_06"/>
        <method signature="TC_07.Org_001()[pri:0, instance:TestCaseRepo.TC_07@72f926e6]" name="Org_001" class="TestCaseRepo.TC_07"/>
      </group> <!-- Smoke -->
    </groups>
    <test started-at="2026-04-10T12:34:58 IST" name="Test" finished-at="2026-04-10T12:36:35 IST" duration-ms="97185">
      <class name="TestCaseRepo.TC_05">
        <test-method is-config="true" signature="bcConfig(java.lang.String)[pri:0, instance:TestCaseRepo.TC_05@6ef888f6]" started-at="2026-04-10T12:35:32 IST" name="bcConfig" finished-at="2026-04-10T12:35:35 IST" duration-ms="2953" status="PASS">
          <params>
            <param index="0">
              <value>
                <![CDATA[chrome]]>
              </value>
            </param>
          </params>
          <reporter-output>
          </reporter-output>
        </test-method> <!-- bcConfig -->
        <test-method is-config="true" signature="bmConfig()[pri:0, instance:TestCaseRepo.TC_05@6ef888f6]" started-at="2026-04-10T12:35:35 IST" name="bmConfig" finished-at="2026-04-10T12:35:39 IST" duration-ms="4708" status="PASS">
          <reporter-output>
          </reporter-output>
        </test-method> <!-- bmConfig -->
        <test-method signature="CON_002()[pri:0, instance:TestCaseRepo.TC_05@6ef888f6]" started-at="2026-04-10T12:35:39 IST" name="CON_002" finished-at="2026-04-10T12:35:57 IST" duration-ms="17540" status="PASS">
          <reporter-output>
          </reporter-output>
        </test-method> <!-- CON_002 -->
        <test-method is-config="true" signature="amConfig()[pri:0, instance:TestCaseRepo.TC_05@6ef888f6]" started-at="2026-04-10T12:35:57 IST" name="amConfig" finished-at="2026-04-10T12:36:03 IST" duration-ms="5515" status="PASS">
          <reporter-output>
          </reporter-output>
        </test-method> <!-- amConfig -->
        <test-method is-config="true" signature="acConfig()[pri:0, instance:TestCaseRepo.TC_05@6ef888f6]" started-at="2026-04-10T12:36:03 IST" name="acConfig" finished-at="2026-04-10T12:36:04 IST" duration-ms="961" status="PASS">
          <reporter-output>
          </reporter-output>
        </test-method> <!-- acConfig -->
      </class> <!-- TestCaseRepo.TC_05 -->
      <class name="TestCaseRepo.TC_03">
        <test-method is-config="true" signature="bcConfig(java.lang.String)[pri:0, instance:TestCaseRepo.TC_03@ef9296d]" started-at="2026-04-10T12:34:58 IST" name="bcConfig" finished-at="2026-04-10T12:35:02 IST" duration-ms="3657" status="PASS">
          <params>
            <param index="0">
              <value>
                <![CDATA[chrome]]>
              </value>
            </param>
          </params>
          <reporter-output>
          </reporter-output>
        </test-method> <!-- bcConfig -->
        <test-method is-config="true" signature="bmConfig()[pri:0, instance:TestCaseRepo.TC_03@ef9296d]" started-at="2026-04-10T12:35:02 IST" name="bmConfig" finished-at="2026-04-10T12:35:07 IST" duration-ms="4584" status="PASS">
          <reporter-output>
          </reporter-output>
        </test-method> <!-- bmConfig -->
        <test-method signature="LE_003()[pri:0, instance:TestCaseRepo.TC_03@ef9296d]" started-at="2026-04-10T12:35:07 IST" name="LE_003" finished-at="2026-04-10T12:35:26 IST" duration-ms="19043" status="PASS">
          <reporter-output>
          </reporter-output>
        </test-method> <!-- LE_003 -->
        <test-method is-config="true" signature="amConfig()[pri:0, instance:TestCaseRepo.TC_03@ef9296d]" started-at="2026-04-10T12:35:26 IST" name="amConfig" finished-at="2026-04-10T12:35:31 IST" duration-ms="5470" status="PASS">
          <reporter-output>
          </reporter-output>
        </test-method> <!-- amConfig -->
        <test-method is-config="true" signature="acConfig()[pri:0, instance:TestCaseRepo.TC_03@ef9296d]" started-at="2026-04-10T12:35:32 IST" name="acConfig" finished-at="2026-04-10T12:35:32 IST" duration-ms="304" status="PASS">
          <reporter-output>
          </reporter-output>
        </test-method> <!-- acConfig -->
      </class> <!-- TestCaseRepo.TC_03 -->
      <class name="TestCaseRepo.TC_06">
        <test-method is-config="true" signature="bcConfig(java.lang.String)[pri:0, instance:TestCaseRepo.TC_06@10e92f8f]" started-at="2026-04-10T12:36:04 IST" name="bcConfig" finished-at="2026-04-10T12:36:07 IST" duration-ms="3122" status="PASS">
          <params>
            <param index="0">
              <value>
                <![CDATA[chrome]]>
              </value>
            </param>
          </params>
          <reporter-output>
          </reporter-output>
        </test-method> <!-- bcConfig -->
        <test-method is-config="true" signature="bmConfig()[pri:0, instance:TestCaseRepo.TC_06@10e92f8f]" started-at="2026-04-10T12:36:07 IST" name="bmConfig" finished-at="2026-04-10T12:36:11 IST" duration-ms="4679" status="PASS">
          <reporter-output>
          </reporter-output>
        </test-method> <!-- bmConfig -->
        <test-method signature="CON__003()[pri:0, instance:TestCaseRepo.TC_06@10e92f8f]" started-at="2026-04-10T12:36:11 IST" name="CON__003" finished-at="2026-04-10T12:36:29 IST" duration-ms="17631" status="PASS">
          <reporter-output>
          </reporter-output>
        </test-method> <!-- CON__003 -->
        <test-method is-config="true" signature="amConfig()[pri:0, instance:TestCaseRepo.TC_06@10e92f8f]" started-at="2026-04-10T12:36:29 IST" name="amConfig" finished-at="2026-04-10T12:36:35 IST" duration-ms="5405" status="PASS">
          <reporter-output>
          </reporter-output>
        </test-method> <!-- amConfig -->
        <test-method is-config="true" signature="acConfig()[pri:0, instance:TestCaseRepo.TC_06@10e92f8f]" started-at="2026-04-10T12:36:35 IST" name="acConfig" finished-at="2026-04-10T12:36:35 IST" duration-ms="717" status="PASS">
          <reporter-output>
          </reporter-output>
        </test-method> <!-- acConfig -->
      </class> <!-- TestCaseRepo.TC_06 -->
    </test> <!-- Test -->
    <test started-at="2026-04-10T12:36:36 IST" name="Test1" finished-at="2026-04-10T12:37:54 IST" duration-ms="78197">
      <class name="TestCaseRepo.TC_08">
        <test-method is-config="true" signature="bcConfig(java.lang.String)[pri:0, instance:TestCaseRepo.TC_08@3daa422a]" started-at="2026-04-10T12:37:03 IST" name="bcConfig" finished-at="2026-04-10T12:37:06 IST" duration-ms="3085" status="PASS">
          <params>
            <param index="0">
              <value>
                <![CDATA[edge]]>
              </value>
            </param>
          </params>
          <reporter-output>
          </reporter-output>
        </test-method> <!-- bcConfig -->
        <test-method is-config="true" signature="bmConfig()[pri:0, instance:TestCaseRepo.TC_08@3daa422a]" started-at="2026-04-10T12:37:06 IST" name="bmConfig" finished-at="2026-04-10T12:37:10 IST" duration-ms="4345" status="PASS">
          <reporter-output>
          </reporter-output>
        </test-method> <!-- bmConfig -->
        <test-method signature="Org__002()[pri:0, instance:TestCaseRepo.TC_08@3daa422a]" started-at="2026-04-10T12:37:10 IST" name="Org__002" finished-at="2026-04-10T12:37:23 IST" duration-ms="12174" status="PASS">
          <reporter-output>
          </reporter-output>
        </test-method> <!-- Org__002 -->
        <test-method is-config="true" signature="amConfig()[pri:0, instance:TestCaseRepo.TC_08@3daa422a]" started-at="2026-04-10T12:37:23 IST" name="amConfig" finished-at="2026-04-10T12:37:28 IST" duration-ms="5066" status="PASS">
          <reporter-output>
          </reporter-output>
        </test-method> <!-- amConfig -->
        <test-method is-config="true" signature="acConfig()[pri:0, instance:TestCaseRepo.TC_08@3daa422a]" started-at="2026-04-10T12:37:28 IST" name="acConfig" finished-at="2026-04-10T12:37:28 IST" duration-ms="359" status="PASS">
          <reporter-output>
          </reporter-output>
        </test-method> <!-- acConfig -->
      </class> <!-- TestCaseRepo.TC_08 -->
      <class name="TestCaseRepo.TC_09">
        <test-method is-config="true" signature="bcConfig(java.lang.String)[pri:0, instance:TestCaseRepo.TC_09@31c88ec8]" started-at="2026-04-10T12:37:28 IST" name="bcConfig" finished-at="2026-04-10T12:37:31 IST" duration-ms="3169" status="PASS">
          <params>
            <param index="0">
              <value>
                <![CDATA[edge]]>
              </value>
            </param>
          </params>
          <reporter-output>
          </reporter-output>
        </test-method> <!-- bcConfig -->
        <test-method is-config="true" signature="bmConfig()[pri:0, instance:TestCaseRepo.TC_09@31c88ec8]" started-at="2026-04-10T12:37:31 IST" name="bmConfig" finished-at="2026-04-10T12:37:36 IST" duration-ms="4217" status="PASS">
          <reporter-output>
          </reporter-output>
        </test-method> <!-- bmConfig -->
        <test-method signature="Org_003()[pri:0, instance:TestCaseRepo.TC_09@31c88ec8]" started-at="2026-04-10T12:37:36 IST" name="Org_003" finished-at="2026-04-10T12:37:48 IST" duration-ms="12716" status="PASS">
          <reporter-output>
          </reporter-output>
        </test-method> <!-- Org_003 -->
        <test-method is-config="true" signature="amConfig()[pri:0, instance:TestCaseRepo.TC_09@31c88ec8]" started-at="2026-04-10T12:37:49 IST" name="amConfig" finished-at="2026-04-10T12:37:54 IST" duration-ms="5096" status="PASS">
          <reporter-output>
          </reporter-output>
        </test-method> <!-- amConfig -->
        <test-method is-config="true" signature="acConfig()[pri:0, instance:TestCaseRepo.TC_09@31c88ec8]" started-at="2026-04-10T12:37:54 IST" name="acConfig" finished-at="2026-04-10T12:37:54 IST" duration-ms="372" status="PASS">
          <reporter-output>
          </reporter-output>
        </test-method> <!-- acConfig -->
      </class> <!-- TestCaseRepo.TC_09 -->
      <class name="TestCaseRepo.TC_07">
        <test-method is-config="true" signature="bsConfig()[pri:0, instance:TestCaseRepo.TC_07@72f926e6]" started-at="2026-04-10T12:34:58 IST" name="bsConfig" finished-at="2026-04-10T12:34:58 IST" duration-ms="17" status="PASS">
          <reporter-output>
          </reporter-output>
        </test-method> <!-- bsConfig -->
        <test-method is-config="true" signature="bcConfig(java.lang.String)[pri:0, instance:TestCaseRepo.TC_07@72f926e6]" started-at="2026-04-10T12:36:36 IST" name="bcConfig" finished-at="2026-04-10T12:36:41 IST" duration-ms="5153" status="PASS">
          <params>
            <param index="0">
              <value>
                <![CDATA[edge]]>
              </value>
            </param>
          </params>
          <reporter-output>
          </reporter-output>
        </test-method> <!-- bcConfig -->
        <test-method is-config="true" signature="bmConfig()[pri:0, instance:TestCaseRepo.TC_07@72f926e6]" started-at="2026-04-10T12:36:41 IST" name="bmConfig" finished-at="2026-04-10T12:36:46 IST" duration-ms="4634" status="PASS">
          <reporter-output>
          </reporter-output>
        </test-method> <!-- bmConfig -->
        <test-method signature="Org_001()[pri:0, instance:TestCaseRepo.TC_07@72f926e6]" started-at="2026-04-10T12:36:46 IST" name="Org_001" finished-at="2026-04-10T12:36:57 IST" duration-ms="11458" status="PASS">
          <reporter-output>
          </reporter-output>
        </test-method> <!-- Org_001 -->
        <test-method is-config="true" signature="amConfig()[pri:0, instance:TestCaseRepo.TC_07@72f926e6]" started-at="2026-04-10T12:36:57 IST" name="amConfig" finished-at="2026-04-10T12:37:03 IST" duration-ms="5185" status="PASS">
          <reporter-output>
          </reporter-output>
        </test-method> <!-- amConfig -->
        <test-method is-config="true" signature="acConfig()[pri:0, instance:TestCaseRepo.TC_07@72f926e6]" started-at="2026-04-10T12:37:03 IST" name="acConfig" finished-at="2026-04-10T12:37:03 IST" duration-ms="428" status="PASS">
          <reporter-output>
          </reporter-output>
        </test-method> <!-- acConfig -->
        <test-method is-config="true" signature="asConfig()[pri:0, instance:TestCaseRepo.TC_07@72f926e6]" started-at="2026-04-10T12:37:54 IST" name="asConfig" finished-at="2026-04-10T12:37:54 IST" duration-ms="1" status="PASS">
          <reporter-output>
          </reporter-output>
        </test-method> <!-- asConfig -->
      </class> <!-- TestCaseRepo.TC_07 -->
    </test> <!-- Test1 -->
  </suite> <!-- Suite -->
</testng-results>
