<?xml version="1.0" encoding="UTF-8"?>
<!-- Generated by org.testng.reporters.JUnitReportReporter -->
<testsuite hostname="DESKTOP-DLQ2FML" failures="0" tests="4" name="Pratice.TestNGPratices" time="0.019" errors="0" timestamp="2026-04-10T10:24:51 IST" skipped="0">
  <testcase classname="Pratice.TestNGPratices" name="UmarWakes" time="0.008"/>
  <testcase classname="Pratice.TestNGPratices" name="umarEating" time="0.004"/>
  <testcase classname="Pratice.TestNGPratices" name="UmarMakesReels" time="0.001"/>
  <testcase classname="Pratice.TestNGPratices" name="UmarSleeps" time="0.006"/>
</testsuite> <!-- Pratice.TestNGPratices -->
