<?xml version="1.0" encoding="UTF-8"?>
<!-- Generated by org.testng.reporters.JUnitReportReporter -->
<testsuite hostname="DESKTOP-DLQ2FML" failures="0" tests="4" name="Pratice.TestNGPratice001" time="0.005" errors="0" timestamp="2026-04-10T10:24:51 IST" skipped="1">
  <testcase classname="Pratice.TestNGPratice001" name="umarChats" time="0.003"/>
  <testcase classname="Pratice.TestNGPratice001" name="umarWakes" time="0.000"/>
  <testcase classname="Pratice.TestNGPratice001" name="umarEats" time="0.002"/>
  <testcase classname="Pratice.TestNGPratice001" name="umarSleeps">
    <skipped/>
  </testcase> <!-- umarSleeps -->
</testsuite> <!-- Pratice.TestNGPratice001 -->
